{
  "RSpec": {
    "coverage": {
      "/Users/Rorie/Projects/week_8/acebook-team-gets-railed/app/models/user.rb": {
        "lines": [
          1,
          null,
          null,
          1,
          null,
          null,
          null,
          1,
          1,
          null
        ]
      },
      "/Users/Rorie/Projects/week_8/acebook-team-gets-railed/app/models/application_record.rb": {
        "lines": [
          1,
          1,
          null
        ]
      },
      "/Users/Rorie/Projects/week_8/acebook-team-gets-railed/app/helpers/application_helper.rb": {
        "lines": [
          1,
          null
        ]
      },
      "/Users/Rorie/Projects/week_8/acebook-team-gets-railed/app/helpers/users_helper.rb": {
        "lines": [
          1,
          null
        ]
      },
      "/Users/Rorie/Projects/week_8/acebook-team-gets-railed/app/helpers/welcome_helper.rb": {
        "lines": [
          1,
          null
        ]
      },
      "/Users/Rorie/Projects/week_8/acebook-team-gets-railed/app/controllers/posts_controller.rb": {
        "lines": [
          1,
          null,
          1,
          0,
          null,
          null,
          1,
          0,
          0,
          null,
          null,
          1,
          0,
          null,
          null,
          1,
          null,
          1,
          0,
          null,
          null
        ]
      },
      "/Users/Rorie/Projects/week_8/acebook-team-gets-railed/app/controllers/application_controller.rb": {
        "lines": [
          1,
          1,
          1,
          null,
          null
        ]
      },
      "/Users/Rorie/Projects/week_8/acebook-team-gets-railed/app/controllers/welcome_controller.rb": {
        "lines": [
          1,
          null
        ]
      },
      "/Users/Rorie/Projects/week_8/acebook-team-gets-railed/app/models/post.rb": {
        "lines": [
          1,
          null
        ]
      },
      "/Users/Rorie/Projects/week_8/acebook-team-gets-railed/app/mailers/application_mailer.rb": {
        "lines": [
          0,
          0,
          0,
          0
        ],
        "branches": {
        }
      },
      "/Users/Rorie/Projects/week_8/acebook-team-gets-railed/app/jobs/application_job.rb": {
        "lines": [
          0,
          0
        ],
        "branches": {
        }
      },
      "/Users/Rorie/Projects/week_8/acebook-team-gets-railed/app/controllers/users_controller.rb": {
        "lines": [
          0,
          0,
          null,
          0,
          null,
          0,
          0,
          0,
          null,
          0,
          0,
          0,
          0,
          0,
          0,
          0,
          0,
          0,
          null,
          0,
          null,
          0,
          0,
          0,
          null,
          0
        ],
        "branches": {
        }
      },
      "/Users/Rorie/Projects/week_8/acebook-team-gets-railed/app/channels/application_cable/connection.rb": {
        "lines": [
          0,
          0,
          0,
          0
        ],
        "branches": {
        }
      },
      "/Users/Rorie/Projects/week_8/acebook-team-gets-railed/app/channels/application_cable/channel.rb": {
        "lines": [
          0,
          0,
          0,
          0
        ],
        "branches": {
        }
      }
    },
    "timestamp": 1617189912
  }
}
